This is XeTeX, Version 3.14159265-2.6-0.99996 (MiKTeX 2.9.6210 64-bit) (preloaded format=xelatex 2017.2.27)  26 MAR 2017 12:10
entering extended mode
**./news.tex
(news.tex
LaTeX2e <2017/01/01> patch level 1
Babel <3.9r> and hyphenation patterns for 75 language(s) loaded.
! Undefined control sequence.
l.1 \section
            {–ù–æ–≤–æ—Å—Ç–Ω—ã–µ –∏—Å—Ç–æ—á–Ω–∏–∫–∏}
The control sequence at the end of the top line
of your error message was never \def'ed. If you have
misspelled it (e.g., `\hobx'), type `I' and the correct
spelling (e.g., `I\hbox'). Otherwise just continue,
and I'll forget about whatever was undefined.


! LaTeX Error: Missing \begin{document}.

See the LaTeX manual or LaTeX Companion for explanation.
Type  H <return>  for immediate help.
 ...                                              
                                                  
l.1 \section{–ù
               –æ–≤–æ—Å—Ç–Ω—ã–µ –∏—Å—Ç–æ—á–Ω–∏–∫–∏}
You're in trouble here.  Try typing  <return>  to proceed.
If that doesn't work, type  X <return>  to quit.

Missing character: There is no –ù in font nullfont!
Missing character: There is no –æ in font nullfont!
Missing character: There is no –≤ in font nullfont!
Missing character: There is no –æ in font nullfont!
Missing character: There is no —Å in font nullfont!
Missing character: There is no —Ç in font nullfont!
Missing character: There is no –Ω in font nullfont!
Missing character: There is no —ã in font nullfont!
Missing character: There is no –µ in font nullfont!
Missing character: There is no –∏ in font nullfont!
Missing character: There is no —Å in font nullfont!
Missing character: There is no —Ç in font nullfont!
Missing character: There is no –æ in font nullfont!
Missing character: There is no —á in font nullfont!
Missing character: There is no –Ω in font nullfont!
Missing character: There is no –∏ in font nullfont!
Missing character: There is no –∫ in font nullfont!
Missing character: There is no –∏ in font nullfont!

Overfull \hbox (20.0pt too wide) in paragraph at lines 1--2
[]
 []

! Undefined control sequence.
l.3 \subsection
               {finanz.ru}
The control sequence at the end of the top line
of your error message was never \def'ed. If you have
misspelled it (e.g., `\hobx'), type `I' and the correct
spelling (e.g., `I\hbox'). Otherwise just continue,
and I'll forget about whatever was undefined.


! LaTeX Error: Missing \begin{document}.

See the LaTeX manual or LaTeX Companion for explanation.
Type  H <return>  for immediate help.
 ...                                              
                                                  
l.3 \subsection{f
                 inanz.ru}
You're in trouble here.  Try typing  <return>  to proceed.
If that doesn't work, type  X <return>  to quit.

Missing character: There is no f in font nullfont!
Missing character: There is no i in font nullfont!
Missing character: There is no n in font nullfont!
Missing character: There is no a in font nullfont!
Missing character: There is no n in font nullfont!
Missing character: There is no z in font nullfont!
Missing character: There is no . in font nullfont!
Missing character: There is no r in font nullfont!
Missing character: There is no u in font nullfont!

Overfull \hbox (20.0pt too wide) in paragraph at lines 3--4
[] 
 []


! LaTeX Error: Missing \begin{document}.

See the LaTeX manual or LaTeX Companion for explanation.
Type  H <return>  for immediate help.
 ...                                              
                                                  
l.5 f
     inanz.ru\footnote{\url{http://www.finanz.ru}}
You're in trouble here.  Try typing  <return>  to proceed.
If that doesn't work, type  X <return>  to quit.

Missing character: There is no f in font nullfont!
Missing character: There is no i in font nullfont!
Missing character: There is no n in font nullfont!
Missing character: There is no a in font nullfont!
Missing character: There is no n in font nullfont!
Missing character: There is no z in font nullfont!
Missing character: There is no . in font nullfont!
Missing character: There is no r in font nullfont!
Missing character: There is no u in font nullfont!
LaTeX Font Info:    External font `cmex10' loaded for size
(Font)              <7> on input line 5.
LaTeX Font Info:    External font `cmex10' loaded for size
(Font)              <5> on input line 5.
! Undefined control sequence.
\@footnotetext ...tins {\reset@font \footnotesize 
                                                  \interlinepenalty \interfo...
l.5 finanz.ru\footnote{\url{http://www.finanz.ru}}
                                                  
The control sequence at the end of the top line
of your error message was never \def'ed. If you have
misspelled it (e.g., `\hobx'), type `I' and the correct
spelling (e.g., `I\hbox'). Otherwise just continue,
and I'll forget about whatever was undefined.

! Undefined control sequence.
\@footnotetext ...}\color@begingroup \@makefntext 
                                                  {\rule \z@ \footnotesep \i...
l.5 finanz.ru\footnote{\url{http://www.finanz.ru}}
                                                  
The control sequence at the end of the top line
of your error message was never \def'ed. If you have
misspelled it (e.g., `\hobx'), type `I' and the correct
spelling (e.g., `I\hbox'). Otherwise just continue,
and I'll forget about whatever was undefined.

! Undefined control sequence.
<argument> \url 
                {http://www.finanz.ru}
l.5 finanz.ru\footnote{\url{http://www.finanz.ru}}
                                                  
The control sequence at the end of the top line
of your error message was never \def'ed. If you have
misspelled it (e.g., `\hobx'), type `I' and the correct
spelling (e.g., `I\hbox'). Otherwise just continue,
and I'll forget about whatever was undefined.


Overfull \hbox (94.22pt too wide) in paragraph at lines 5--5
[][]\TU/lmr/m/n/10 http://www.finanz.ru| 
 []


Overfull \hbox (24.483pt too wide) in paragraph at lines 5--6
[][] 
 []

! Undefined control sequence.
l.7 \subsection
               {mdf.ru}
The control sequence at the end of the top line
of your error message was never \def'ed. If you have
misspelled it (e.g., `\hobx'), type `I' and the correct
spelling (e.g., `I\hbox'). Otherwise just continue,
and I'll forget about whatever was undefined.


! LaTeX Error: Missing \begin{document}.

See the LaTeX manual or LaTeX Companion for explanation.
Type  H <return>  for immediate help.
 ...                                              
                                                  
l.7 \subsection{m
                 df.ru}
You're in trouble here.  Try typing  <return>  to proceed.
If that doesn't work, type  X <return>  to quit.

Missing character: There is no m in font nullfont!
Missing character: There is no d in font nullfont!
Missing character: There is no f in font nullfont!
Missing character: There is no . in font nullfont!
Missing character: There is no r in font nullfont!
Missing character: There is no u in font nullfont!

Overfull \hbox (20.0pt too wide) in paragraph at lines 7--8
[] 
 []


! LaTeX Error: Missing \begin{document}.

See the LaTeX manual or LaTeX Companion for explanation.
Type  H <return>  for immediate help.
 ...                                              
                                                  
l.9 m
     df.ru\footnote{\url{http://mfd.ru/}}
You're in trouble here.  Try typing  <return>  to proceed.
If that doesn't work, type  X <return>  to quit.

Missing character: There is no m in font nullfont!
Missing character: There is no d in font nullfont!
Missing character: There is no f in font nullfont!
Missing character: There is no . in font nullfont!
Missing character: There is no r in font nullfont!
Missing character: There is no u in font nullfont!
! Undefined control sequence.
\@footnotetext ...tins {\reset@font \footnotesize 
                                                  \interlinepenalty \interfo...
l.9 mdf.ru\footnote{\url{http://mfd.ru/}}
                                         
The control sequence at the end of the top line
of your error message was never \def'ed. If you have
misspelled it (e.g., `\hobx'), type `I' and the correct
spelling (e.g., `I\hbox'). Otherwise just continue,
and I'll forget about whatever was undefined.

! Undefined control sequence.
\@footnotetext ...}\color@begingroup \@makefntext 
                                                  {\rule \z@ \footnotesep \i...
l.9 mdf.ru\footnote{\url{http://mfd.ru/}}
                                         
The control sequence at the end of the top line
of your error message was never \def'ed. If you have
misspelled it (e.g., `\hobx'), type `I' and the correct
spelling (e.g., `I\hbox'). Otherwise just continue,
and I'll forget about whatever was undefined.

! Undefined control sequence.
<argument> \url 
                {http://mfd.ru/}
l.9 mdf.ru\footnote{\url{http://mfd.ru/}}
                                         
The control sequence at the end of the top line
of your error message was never \def'ed. If you have
misspelled it (e.g., `\hobx'), type `I' and the correct
spelling (e.g., `I\hbox'). Otherwise just continue,
and I'll forget about whatever was undefined.


Overfull \hbox (65.61pt too wide) in paragraph at lines 9--9
[][]\TU/lmr/m/n/10 http://mfd.ru/| 
 []


Overfull \hbox (24.483pt too wide) in paragraph at lines 9--10
[][] 
 []

! Undefined control sequence.
l.11 \subsection
                {–≠–∫–æ–Ω–æ–º–∏—á–µ—Å–∫–∏–µ –∏–∑–≤–µ—Å—Ç–∏—è}
The control sequence at the end of the top line
of your error message was never \def'ed. If you have
misspelled it (e.g., `\hobx'), type `I' and the correct
spelling (e.g., `I\hbox'). Otherwise just continue,
and I'll forget about whatever was undefined.


! LaTeX Error: Missing \begin{document}.

See the LaTeX manual or LaTeX Companion for explanation.
Type  H <return>  for immediate help.
 ...                                              
                                                  
l.11 \subsection{–≠
                   –∫–æ–Ω–æ–º–∏—á–µ—Å–∫–∏–µ –∏–∑–≤–µ—Å—Ç–∏—è}
You're in trouble here.  Try typing  <return>  to proceed.
If that doesn't work, type  X <return>  to quit.

Missing character: There is no –≠ in font nullfont!
Missing character: There is no –∫ in font nullfont!
Missing character: There is no –æ in font nullfont!
Missing character: There is no –Ω in font nullfont!
Missing character: There is no –æ in font nullfont!
Missing character: There is no –º in font nullfont!
Missing character: There is no –∏ in font nullfont!
Missing character: There is no —á in font nullfont!
Missing character: There is no –µ in font nullfont!
Missing character: There is no —Å in font nullfont!
Missing character: There is no –∫ in font nullfont!
Missing character: There is no –∏ in font nullfont!
Missing character: There is no –µ in font nullfont!
Missing character: There is no –∏ in font nullfont!
Missing character: There is no –∑ in font nullfont!
Missing character: There is no –≤ in font nullfont!
Missing character: There is no –µ in font nullfont!
Missing character: There is no —Å in font nullfont!
Missing character: There is no —Ç in font nullfont!
Missing character: There is no –∏ in font nullfont!
Missing character: There is no —è in font nullfont!

Overfull \hbox (20.0pt too wide) in paragraph at lines 11--12
[]
 []


! LaTeX Error: Missing \begin{document}.

See the LaTeX manual or LaTeX Companion for explanation.
Type  H <return>  for immediate help.
 ...                                              
                                                  
l.13 –≠
       –∫–æ–Ω–æ–º–∏—á–µ—Å–∫–∏–µ –∏–∑–≤–µ—Å—Ç–∏—è\footnote{\url{http://eizves...

You're in trouble here.  Try typing  <return>  to proceed.
If that doesn't work, type  X <return>  to quit.

Missing character: There is no –≠ in font nullfont!
Missing character: There is no –∫ in font nullfont!
Missing character: There is no –æ in font nullfont!
Missing character: There is no –Ω in font nullfont!
Missing character: There is no –æ in font nullfont!
Missing character: There is no –º in font nullfont!
Missing character: There is no –∏ in font nullfont!
Missing character: There is no —á in font nullfont!
Missing character: There is no –µ in font nullfont!
Missing character: There is no —Å in font nullfont!
Missing character: There is no –∫ in font nullfont!
Missing character: There is no –∏ in font nullfont!
Missing character: There is no –µ in font nullfont!
Missing character: There is no –∏ in font nullfont!
Missing character: There is no –∑ in font nullfont!
Missing character: There is no –≤ in font nullfont!
Missing character: There is no –µ in font nullfont!
Missing character: There is no —Å in font nullfont!
Missing character: There is no —Ç in font nullfont!
Missing character: There is no –∏ in font nullfont!
Missing character: There is no —è in font nullfont!
! Undefined control sequence.
\@footnotetext ...tins {\reset@font \footnotesize 
                                                  \interlinepenalty \interfo...
l.13 ...Ç–∏—è\footnote{\url{http://eizvestia.com}}
                                                  
The control sequence at the end of the top line
of your error message was never \def'ed. If you have
misspelled it (e.g., `\hobx'), type `I' and the correct
spelling (e.g., `I\hbox'). Otherwise just continue,
and I'll forget about whatever was undefined.

! Undefined control sequence.
\@footnotetext ...}\color@begingroup \@makefntext 
                                                  {\rule \z@ \footnotesep \i...
l.13 ...Ç–∏—è\footnote{\url{http://eizvestia.com}}
                                                  
The control sequence at the end of the top line
of your error message was never \def'ed. If you have
misspelled it (e.g., `\hobx'), type `I' and the correct
spelling (e.g., `I\hbox'). Otherwise just continue,
and I'll forget about whatever was undefined.

! Undefined control sequence.
<argument> \url 
                {http://eizvestia.com}
l.13 ...Ç–∏—è\footnote{\url{http://eizvestia.com}}
                                                  
The control sequence at the end of the top line
of your error message was never \def'ed. If you have
misspelled it (e.g., `\hobx'), type `I' and the correct
spelling (e.g., `I\hbox'). Otherwise just continue,
and I'll forget about whatever was undefined.


Overfull \hbox (88.66pt too wide) in paragraph at lines 13--13
[][]\TU/lmr/m/n/10 http://eizvestia.com| 
 []

)
! Emergency stop.
<*> ./news.tex
              
*** (job aborted, no legal \end found)

 
Here is how much of TeX's memory you used:
 15 strings out of 427899
 240 string characters out of 3153117
 54903 words of memory out of 3000000
 4005 multiletter control sequences out of 15000+200000
 3656 words of font info for 16 fonts, out of 3000000 for 9000
 1328 hyphenation exceptions out of 8191
 24i,5n,14p,86b,105s stack positions out of 5000i,500n,10000p,200000b,50000s
No pages of output.
