This is XeTeX, Version 3.14159265-2.6-0.99996 (TeX Live 2016/Arch Linux) (preloaded format=xelatex 2017.2.24)  28 FEB 2017 00:45
entering extended mode
 restricted \write18 enabled.
 %&-line parsing enabled.
**overview.tex
(./overview.tex
LaTeX2e <2016/03/31> patch level 3
Babel <3.9r> and hyphenation patterns for 83 language(s) loaded.
! Undefined control sequence.
l.1 \section
            {–û–±–∑–æ—Ä —Å—É—â–µ—Å—Ç–≤—É—é—â–∏—Ö —Ä–µ—à–µ–Ω–∏–π}
The control sequence at the end of the top line
of your error message was never \def'ed. If you have
misspelled it (e.g., `\hobx'), type `I' and the correct
spelling (e.g., `I\hbox'). Otherwise just continue,
and I'll forget about whatever was undefined.


! LaTeX Error: Missing \begin{document}.

See the LaTeX manual or LaTeX Companion for explanation.
Type  H <return>  for immediate help.
 ...                                              
                                                  
l.1 \section{–û
               –±–∑–æ—Ä —Å—É—â–µ—Å—Ç–≤—É—é—â–∏—Ö —Ä–µ—à–µ–Ω–∏–π}
You're in trouble here.  Try typing  <return>  to proceed.
If that doesn't work, type  X <return>  to quit.

Missing character: There is no –û in font nullfont!
Missing character: There is no –± in font nullfont!
Missing character: There is no –∑ in font nullfont!
Missing character: There is no –æ in font nullfont!
Missing character: There is no —Ä in font nullfont!
Missing character: There is no —Å in font nullfont!
Missing character: There is no —É in font nullfont!
Missing character: There is no —â in font nullfont!
Missing character: There is no –µ in font nullfont!
Missing character: There is no —Å in font nullfont!
Missing character: There is no —Ç in font nullfont!
Missing character: There is no –≤ in font nullfont!
Missing character: There is no —É in font nullfont!
Missing character: There is no —é in font nullfont!
Missing character: There is no —â in font nullfont!
Missing character: There is no –∏ in font nullfont!
Missing character: There is no —Ö in font nullfont!
Missing character: There is no —Ä in font nullfont!
Missing character: There is no –µ in font nullfont!
Missing character: There is no —à in font nullfont!
Missing character: There is no –µ in font nullfont!
Missing character: There is no –Ω in font nullfont!
Missing character: There is no –∏ in font nullfont!
Missing character: There is no –π in font nullfont!

Overfull \hbox (20.0pt too wide) in paragraph at lines 1--2
[]
 []

! Undefined control sequence.
l.3 \subsection
               {–ú–µ–¥–∏–∞–ª–æ–≥–∏—è}
The control sequence at the end of the top line
of your error message was never \def'ed. If you have
misspelled it (e.g., `\hobx'), type `I' and the correct
spelling (e.g., `I\hbox'). Otherwise just continue,
and I'll forget about whatever was undefined.


! LaTeX Error: Missing \begin{document}.

See the LaTeX manual or LaTeX Companion for explanation.
Type  H <return>  for immediate help.
 ...                                              
                                                  
l.3 \subsection{–ú
                  –µ–¥–∏–∞–ª–æ–≥–∏—è}
You're in trouble here.  Try typing  <return>  to proceed.
If that doesn't work, type  X <return>  to quit.

Missing character: There is no –ú in font nullfont!
Missing character: There is no –µ in font nullfont!
Missing character: There is no –¥ in font nullfont!
Missing character: There is no –∏ in font nullfont!
Missing character: There is no –∞ in font nullfont!
Missing character: There is no –ª in font nullfont!
Missing character: There is no –æ in font nullfont!
Missing character: There is no –≥ in font nullfont!
Missing character: There is no –∏ in font nullfont!
Missing character: There is no —è in font nullfont!

Overfull \hbox (20.0pt too wide) in paragraph at lines 3--4
[] 
 []


! LaTeX Error: Missing \begin{document}.

See the LaTeX manual or LaTeX Companion for explanation.
Type  H <return>  for immediate help.
 ...                                              
                                                  
l.5 –ú
      –µ–¥–∏–∞–ª–æ–≥–∏—è\footnote{\url{http://www.mlg.ru/}}~--- —Ä–∞–∑—Ä–∞–±...

You're in trouble here.  Try typing  <return>  to proceed.
If that doesn't work, type  X <return>  to quit.

Missing character: There is no –ú in font nullfont!
Missing character: There is no –µ in font nullfont!
Missing character: There is no –¥ in font nullfont!
Missing character: There is no –∏ in font nullfont!
Missing character: There is no –∞ in font nullfont!
Missing character: There is no –ª in font nullfont!
Missing character: There is no –æ in font nullfont!
Missing character: There is no –≥ in font nullfont!
Missing character: There is no –∏ in font nullfont!
Missing character: There is no —è in font nullfont!
LaTeX Font Info:    External font `cmex10' loaded for size
(Font)              <7> on input line 5.
LaTeX Font Info:    External font `cmex10' loaded for size
(Font)              <5> on input line 5.
! Undefined control sequence.
\@footnotetext ...tins {\reset@font \footnotesize 
                                                  \interlinepenalty \interfo...
l.5 ...–æ–≥–∏—è\footnote{\url{http://www.mlg.ru/}}
                                                  ~--- —Ä–∞–∑—Ä–∞–±–æ—Ç—á–∏–...
The control sequence at the end of the top line
of your error message was never \def'ed. If you have
misspelled it (e.g., `\hobx'), type `I' and the correct
spelling (e.g., `I\hbox'). Otherwise just continue,
and I'll forget about whatever was undefined.

! Undefined control sequence.
\@footnotetext ...}\color@begingroup \@makefntext 
                                                  {\rule \z@ \footnotesep \i...
l.5 ...–æ–≥–∏—è\footnote{\url{http://www.mlg.ru/}}
                                                  ~--- —Ä–∞–∑—Ä–∞–±–æ—Ç—á–∏–...
The control sequence at the end of the top line
of your error message was never \def'ed. If you have
misspelled it (e.g., `\hobx'), type `I' and the correct
spelling (e.g., `I\hbox'). Otherwise just continue,
and I'll forget about whatever was undefined.

! Undefined control sequence.
<argument> \url 
                {http://www.mlg.ru/}
l.5 ...–æ–≥–∏—è\footnote{\url{http://www.mlg.ru/}}
                                                  ~--- —Ä–∞–∑—Ä–∞–±–æ—Ç—á–∏–...
The control sequence at the end of the top line
of your error message was never \def'ed. If you have
misspelled it (e.g., `\hobx'), type `I' and the correct
spelling (e.g., `I\hbox'). Otherwise just continue,
and I'll forget about whatever was undefined.


Overfull \hbox (89.19466pt too wide) in paragraph at lines 5--5
[][]\OT1/cmr/m/n/10 http://www.mlg.ru/| 
 []

Missing character: There is no - in font nullfont!
Missing character: There is no - in font nullfont!
Missing character: There is no - in font nullfont!
Missing character: There is no —Ä in font nullfont!
Missing character: There is no –∞ in font nullfont!
Missing character: There is no –∑ in font nullfont!
Missing character: There is no —Ä in font nullfont!
Missing character: There is no –∞ in font nullfont!
Missing character: There is no –± in font nullfont!
Missing character: There is no –æ in font nullfont!
Missing character: There is no —Ç in font nullfont!
Missing character: There is no —á in font nullfont!
Missing character: There is no –∏ in font nullfont!
Missing character: There is no –∫ in font nullfont!
Missing character: There is no –∞ in font nullfont!
Missing character: There is no –≤ in font nullfont!
Missing character: There is no —Ç in font nullfont!
Missing character: There is no –æ in font nullfont!
Missing character: There is no –º in font nullfont!
Missing character: There is no –∞ in font nullfont!
Missing character: There is no —Ç in font nullfont!
Missing character: There is no –∏ in font nullfont!
Missing character: There is no —á in font nullfont!
Missing character: There is no –µ in font nullfont!
Missing character: There is no —Å in font nullfont!
Missing character: There is no –∫ in font nullfont!
Missing character: There is no –æ in font nullfont!
Missing character: There is no –π in font nullfont!
Missing character: There is no —Å in font nullfont!
Missing character: There is no –∏ in font nullfont!
Missing character: There is no —Å in font nullfont!
Missing character: There is no —Ç in font nullfont!
Missing character: There is no –µ in font nullfont!
Missing character: There is no –º in font nullfont!
Missing character: There is no —ã in font nullfont!
Missing character: There is no –º in font nullfont!
Missing character: There is no –æ in font nullfont!
Missing character: There is no –Ω in font nullfont!
Missing character: There is no –∏ in font nullfont!
Missing character: There is no —Ç in font nullfont!
Missing character: There is no –æ in font nullfont!
Missing character: There is no —Ä in font nullfont!
Missing character: There is no –∏ in font nullfont!
Missing character: There is no –Ω in font nullfont!
Missing character: There is no –≥ in font nullfont!
Missing character: There is no –∞ in font nullfont!
Missing character: There is no –∏ in font nullfont!
Missing character: There is no –∞ in font nullfont!
Missing character: There is no –Ω in font nullfont!
Missing character: There is no –∞ in font nullfont!
Missing character: There is no –ª in font nullfont!
Missing character: There is no –∏ in font nullfont!
Missing character: There is no –∑ in font nullfont!
Missing character: There is no –∞ in font nullfont!
Missing character: There is no –° in font nullfont!
Missing character: There is no –ú in font nullfont!
Missing character: There is no –ò in font nullfont!
Missing character: There is no –≤ in font nullfont!
Missing character: There is no —Ä in font nullfont!
Missing character: There is no –µ in font nullfont!
Missing character: There is no –∂ in font nullfont!
Missing character: There is no –∏ in font nullfont!
Missing character: There is no –º in font nullfont!
Missing character: There is no –µ in font nullfont!
Missing character: There is no —Ä in font nullfont!
Missing character: There is no –µ in font nullfont!
Missing character: There is no –∞ in font nullfont!
Missing character: There is no –ª in font nullfont!
Missing character: There is no —å in font nullfont!
Missing character: There is no –Ω in font nullfont!
Missing character: There is no –æ in font nullfont!
Missing character: There is no –≥ in font nullfont!
Missing character: There is no –æ in font nullfont!
Missing character: There is no –≤ in font nullfont!
Missing character: There is no —Ä in font nullfont!
Missing character: There is no –µ in font nullfont!
Missing character: There is no –º in font nullfont!
Missing character: There is no –µ in font nullfont!
Missing character: There is no –Ω in font nullfont!
Missing character: There is no –∏ in font nullfont!
Missing character: There is no . in font nullfont!

Overfull \hbox (24.48613pt too wide) in paragraph at lines 5--6
[][]             
 []


! LaTeX Error: Missing \begin{document}.

See the LaTeX manual or LaTeX Companion for explanation.
Type  H <return>  for immediate help.
 ...                                              
                                                  
l.7 –î
      –∞–Ω–Ω–∞—è –ø–ª–∞—Ç—Ñ–æ—Ä–º–∞ –ø—Ä–µ–¥–æ—Å—Ç–∞–≤–ª—è–µ—Ç —Ç–∞–∫–∏–µ —Ä...

You're in trouble here.  Try typing  <return>  to proceed.
If that doesn't work, type  X <return>  to quit.

Missing character: There is no –î in font nullfont!
Missing character: There is no –∞ in font nullfont!
Missing character: There is no –Ω in font nullfont!
Missing character: There is no –Ω in font nullfont!
Missing character: There is no –∞ in font nullfont!
Missing character: There is no —è in font nullfont!
Missing character: There is no –ø in font nullfont!
Missing character: There is no –ª in font nullfont!
Missing character: There is no –∞ in font nullfont!
Missing character: There is no —Ç in font nullfont!
Missing character: There is no —Ñ in font nullfont!
Missing character: There is no –æ in font nullfont!
Missing character: There is no —Ä in font nullfont!
Missing character: There is no –º in font nullfont!
Missing character: There is no –∞ in font nullfont!
Missing character: There is no –ø in font nullfont!
Missing character: There is no —Ä in font nullfont!
Missing character: There is no –µ in font nullfont!
Missing character: There is no –¥ in font nullfont!
Missing character: There is no –æ in font nullfont!
Missing character: There is no —Å in font nullfont!
Missing character: There is no —Ç in font nullfont!
Missing character: There is no –∞ in font nullfont!
Missing character: There is no –≤ in font nullfont!
Missing character: There is no –ª in font nullfont!
Missing character: There is no —è in font nullfont!
Missing character: There is no –µ in font nullfont!
Missing character: There is no —Ç in font nullfont!
Missing character: There is no —Ç in font nullfont!
Missing character: There is no –∞ in font nullfont!
Missing character: There is no –∫ in font nullfont!
Missing character: There is no –∏ in font nullfont!
Missing character: There is no –µ in font nullfont!
Missing character: There is no —Ä in font nullfont!
Missing character: There is no –µ in font nullfont!
Missing character: There is no —à in font nullfont!
Missing character: There is no –µ in font nullfont!
Missing character: There is no –Ω in font nullfont!
Missing character: There is no –∏ in font nullfont!
Missing character: There is no —è in font nullfont!
Missing character: There is no , in font nullfont!
Missing character: There is no –∫ in font nullfont!
Missing character: There is no –∞ in font nullfont!
Missing character: There is no –∫ in font nullfont!
Missing character: There is no –º in font nullfont!
Missing character: There is no –æ in font nullfont!
Missing character: There is no –Ω in font nullfont!
Missing character: There is no –∏ in font nullfont!
Missing character: There is no —Ç in font nullfont!
Missing character: There is no –æ in font nullfont!
Missing character: There is no —Ä in font nullfont!
Missing character: There is no –∏ in font nullfont!
Missing character: There is no –Ω in font nullfont!
Missing character: There is no –≥ in font nullfont!
Missing character: There is no –° in font nullfont!
Missing character: There is no –ú in font nullfont!
Missing character: There is no –ò in font nullfont!
Missing character: There is no –∫ in font nullfont!
Missing character: There is no –æ in font nullfont!
Missing character: There is no –º in font nullfont!
Missing character: There is no –ø in font nullfont!
Missing character: There is no –∞ in font nullfont!
Missing character: There is no –Ω in font nullfont!
Missing character: There is no –∏ in font nullfont!
Missing character: There is no –∏ in font nullfont!
Missing character: There is no ( in font nullfont!
Missing character: There is no –µ in font nullfont!
Missing character: There is no –µ in font nullfont!
Missing character: There is no –± in font nullfont!
Missing character: There is no —Ä in font nullfont!
Missing character: There is no –µ in font nullfont!
Missing character: There is no –Ω in font nullfont!
Missing character: There is no –¥ in font nullfont!
Missing character: There is no –æ in font nullfont!
Missing character: There is no –≤ in font nullfont!
Missing character: There is no , in font nullfont!
Missing character: There is no –∫ in font nullfont!
Missing character: There is no –æ in font nullfont!
Missing character: There is no –Ω in font nullfont!
Missing character: There is no –∫ in font nullfont!
Missing character: There is no —É in font nullfont!
Missing character: There is no —Ä in font nullfont!
Missing character: There is no –µ in font nullfont!
Missing character: There is no –Ω in font nullfont!
Missing character: There is no —Ç in font nullfont!
Missing character: There is no –æ in font nullfont!
Missing character: There is no –≤ in font nullfont!
Missing character: There is no –∏ in font nullfont!
Missing character: There is no –¥ in font nullfont!
Missing character: There is no —Ä in font nullfont!
Missing character: There is no . in font nullfont!
Missing character: There is no ) in font nullfont!
Missing character: There is no –∏ in font nullfont!
Missing character: There is no –∞ in font nullfont!
Missing character: There is no –Ω in font nullfont!
Missing character: There is no –∞ in font nullfont!
Missing character: There is no –ª in font nullfont!
Missing character: There is no –∏ in font nullfont!
Missing character: There is no –∑ in font nullfont!
Missing character: There is no –° in font nullfont!
Missing character: There is no –ú in font nullfont!
Missing character: There is no –ò in font nullfont!
Missing character: There is no –∏ in font nullfont!
Missing character: There is no —Å in font nullfont!
Missing character: There is no –æ in font nullfont!
Missing character: There is no –æ in font nullfont!
Missing character: There is no –± in font nullfont!
Missing character: There is no —â in font nullfont!
Missing character: There is no –µ in font nullfont!
Missing character: There is no –Ω in font nullfont!
Missing character: There is no –∏ in font nullfont!
Missing character: There is no –π in font nullfont!
Missing character: There is no —Å in font nullfont!
Missing character: There is no –∏ in font nullfont!
Missing character: There is no —Å in font nullfont!
Missing character: There is no –ø in font nullfont!
Missing character: There is no –æ in font nullfont!
Missing character: There is no –ª in font nullfont!
Missing character: There is no —å in font nullfont!
Missing character: There is no –∑ in font nullfont!
Missing character: There is no –æ in font nullfont!
Missing character: There is no –≤ in font nullfont!
Missing character: There is no –∞ in font nullfont!
Missing character: There is no –Ω in font nullfont!
Missing character: There is no –∏ in font nullfont!
Missing character: There is no –µ in font nullfont!
Missing character: There is no –º in font nullfont!
Missing character: There is no —É in font nullfont!
Missing character: There is no –Ω in font nullfont!
Missing character: There is no –∏ in font nullfont!
Missing character: There is no –∫ in font nullfont!
Missing character: There is no –∞ in font nullfont!
Missing character: There is no –ª in font nullfont!
Missing character: There is no —å in font nullfont!
Missing character: There is no –Ω in font nullfont!
Missing character: There is no –æ in font nullfont!
Missing character: There is no –π in font nullfont!
Missing character: There is no —Ç in font nullfont!
Missing character: There is no –µ in font nullfont!
Missing character: There is no —Ö in font nullfont!
Missing character: There is no –Ω in font nullfont!
Missing character: There is no –æ in font nullfont!
Missing character: There is no –ª in font nullfont!
Missing character: There is no –æ in font nullfont!
Missing character: There is no –≥ in font nullfont!
Missing character: There is no –∏ in font nullfont!
Missing character: There is no –∏ in font nullfont!
Missing character: There is no –ª in font nullfont!
Missing character: There is no –∏ in font nullfont!
Missing character: There is no –Ω in font nullfont!
Missing character: There is no –≥ in font nullfont!
Missing character: There is no –≤ in font nullfont!
Missing character: There is no –∏ in font nullfont!
Missing character: There is no —Å in font nullfont!
Missing character: There is no —Ç in font nullfont!
Missing character: There is no –∏ in font nullfont!
Missing character: There is no —á in font nullfont!
Missing character: There is no –µ in font nullfont!
Missing character: There is no —Å in font nullfont!
Missing character: There is no –∫ in font nullfont!
Missing character: There is no –æ in font nullfont!
Missing character: There is no –≥ in font nullfont!
Missing character: There is no –æ in font nullfont!
Missing character: There is no –∞ in font nullfont!
Missing character: There is no –Ω in font nullfont!
Missing character: There is no –∞ in font nullfont!
Missing character: There is no –ª in font nullfont!
Missing character: There is no –∏ in font nullfont!
Missing character: There is no –∑ in font nullfont!
Missing character: There is no –∞ in font nullfont!
Missing character: There is no —Ç in font nullfont!
Missing character: There is no –µ in font nullfont!
Missing character: There is no –∫ in font nullfont!
Missing character: There is no —Å in font nullfont!
Missing character: There is no —Ç in font nullfont!
Missing character: There is no –æ in font nullfont!
Missing character: There is no –≤ in font nullfont!
Missing character: There is no . in font nullfont!

Overfull \hbox (20.0pt too wide) in paragraph at lines 7--8
[]
 []


! LaTeX Error: Missing \begin{document}.

See the LaTeX manual or LaTeX Companion for explanation.
Type  H <return>  for immediate help.
 ...                                              
                                                  
l.9 –ò
      –∑ –ø—Ä–µ–¥–æ—Å—Ç–∞–≤–ª–µ–Ω–Ω—ã—Ö –ø—Ä–∏–º–µ—Ä–æ–≤ –æ—Ç—á–µ—Ç–æ–≤ –Ω–∞...

You're in trouble here.  Try typing  <return>  to proceed.
If that doesn't work, type  X <return>  to quit.

Missing character: There is no –ò in font nullfont!
Missing character: There is no –∑ in font nullfont!
Missing character: There is no –ø in font nullfont!
Missing character: There is no —Ä in font nullfont!
Missing character: There is no –µ in font nullfont!
Missing character: There is no –¥ in font nullfont!
Missing character: There is no –æ in font nullfont!
Missing character: There is no —Å in font nullfont!
Missing character: There is no —Ç in font nullfont!
Missing character: There is no –∞ in font nullfont!
Missing character: There is no –≤ in font nullfont!
Missing character: There is no –ª in font nullfont!
Missing character: There is no –µ in font nullfont!
Missing character: There is no –Ω in font nullfont!
Missing character: There is no –Ω in font nullfont!
Missing character: There is no —ã in font nullfont!
Missing character: There is no —Ö in font nullfont!
Missing character: There is no –ø in font nullfont!
Missing character: There is no —Ä in font nullfont!
Missing character: There is no –∏ in font nullfont!
Missing character: There is no –º in font nullfont!
Missing character: There is no –µ in font nullfont!
Missing character: There is no —Ä in font nullfont!
Missing character: There is no –æ in font nullfont!
Missing character: There is no –≤ in font nullfont!
Missing character: There is no –æ in font nullfont!
Missing character: There is no —Ç in font nullfont!
Missing character: There is no —á in font nullfont!
Missing character: There is no –µ in font nullfont!
Missing character: There is no —Ç in font nullfont!
Missing character: There is no –æ in font nullfont!
Missing character: There is no –≤ in font nullfont!
Missing character: There is no –Ω in font nullfont!
Missing character: There is no –∞ in font nullfont!
Missing character: There is no —Å in font nullfont!
Missing character: There is no –∞ in font nullfont!
Missing character: There is no –π in font nullfont!
Missing character: There is no —Ç in font nullfont!
Missing character: There is no –µ in font nullfont!
Missing character: There is no –º in font nullfont!
Missing character: There is no –æ in font nullfont!
Missing character: There is no –∂ in font nullfont!
Missing character: There is no –Ω in font nullfont!
Missing character: There is no –æ in font nullfont!
Missing character: There is no —É in font nullfont!
Missing character: There is no –≤ in font nullfont!
Missing character: There is no –∏ in font nullfont!
Missing character: There is no –¥ in font nullfont!
Missing character: There is no –µ in font nullfont!
Missing character: There is no —Ç in font nullfont!
Missing character: There is no —å in font nullfont!
Missing character: There is no , in font nullfont!
Missing character: There is no —á in font nullfont!
Missing character: There is no —Ç in font nullfont!
Missing character: There is no –æ in font nullfont!
Missing character: There is no —Å in font nullfont!
Missing character: There is no –µ in font nullfont!
Missing character: There is no —Ä in font nullfont!
Missing character: There is no –≤ in font nullfont!
Missing character: There is no –∏ in font nullfont!
Missing character: There is no —Å in font nullfont!
Missing character: There is no —É in font nullfont!
Missing character: There is no —á in font nullfont!
Missing character: There is no –∏ in font nullfont!
Missing character: There is no —Ç in font nullfont!
Missing character: There is no —ã in font nullfont!
Missing character: There is no –≤ in font nullfont!
Missing character: There is no –∞ in font nullfont!
Missing character: There is no –µ in font nullfont!
Missing character: There is no —Ç in font nullfont!
Missing character: There is no —Å in font nullfont!
Missing character: There is no –ª in font nullfont!
Missing character: There is no –µ in font nullfont!
Missing character: There is no –¥ in font nullfont!
Missing character: There is no —É in font nullfont!
Missing character: There is no —é in font nullfont!
Missing character: There is no —â in font nullfont!
Missing character: There is no –µ in font nullfont!
Missing character: There is no –µ in font nullfont!
Missing character: There is no : in font nullfont!

Overfull \hbox (20.0pt too wide) in paragraph at lines 9--10
[]
 []


! LaTeX Error: Missing \begin{document}.

See the LaTeX manual or LaTeX Companion for explanation.
Type  H <return>  for immediate help.
 ...                                              
                                                  
l.11 \begin{itemize}
                    
You're in trouble here.  Try typing  <return>  to proceed.
If that doesn't work, type  X <return>  to quit.


Overfull \hbox (20.0pt too wide) in paragraph at lines 11--11
[] 
 []

Missing character: There is no –ö in font cmbx10!
Missing character: There is no –æ in font cmbx10!
Missing character: There is no –ª in font cmbx10!
Missing character: There is no –∏ in font cmbx10!
Missing character: There is no —á in font cmbx10!
Missing character: There is no –µ in font cmbx10!
Missing character: There is no —Å in font cmbx10!
Missing character: There is no —Ç in font cmbx10!
Missing character: There is no –≤ in font cmbx10!
Missing character: There is no –æ in font cmbx10!
Missing character: There is no —É in font cmbx10!
Missing character: There is no –ø in font cmbx10!
Missing character: There is no –æ in font cmbx10!
Missing character: There is no –º in font cmbx10!
Missing character: There is no –∏ in font cmbx10!
Missing character: There is no –Ω in font cmbx10!
Missing character: There is no –∞ in font cmbx10!
Missing character: There is no –Ω in font cmbx10!
Missing character: There is no –∏ in font cmbx10!
Missing character: There is no –π in font cmbx10!
Missing character: There is no –û in font nullfont!
Missing character: There is no —Ç in font nullfont!
Missing character: There is no —Å in font nullfont!
Missing character: There is no –ª in font nullfont!
Missing character: There is no –µ in font nullfont!
Missing character: There is no –∂ in font nullfont!
Missing character: There is no –∏ in font nullfont!
Missing character: There is no –≤ in font nullfont!
Missing character: There is no –∞ in font nullfont!
Missing character: There is no –µ in font nullfont!
Missing character: There is no —Ç in font nullfont!
Missing character: There is no —Å in font nullfont!
Missing character: There is no —è in font nullfont!
Missing character: There is no –¥ in font nullfont!
Missing character: There is no –∏ in font nullfont!
Missing character: There is no –Ω in font nullfont!
Missing character: There is no –∞ in font nullfont!
Missing character: There is no –º in font nullfont!
Missing character: There is no –∏ in font nullfont!
Missing character: There is no –∫ in font nullfont!
Missing character: There is no –∞ in font nullfont!
Missing character: There is no –ø in font nullfont!
Missing character: There is no –æ in font nullfont!
Missing character: There is no –∫ in font nullfont!
Missing character: There is no –≤ in font nullfont!
Missing character: There is no –∞ in font nullfont!
Missing character: There is no —Ä in font nullfont!
Missing character: There is no —Ç in font nullfont!
Missing character: There is no –∞ in font nullfont!
Missing character: There is no –ª in font nullfont!
Missing character: There is no –∞ in font nullfont!
Missing character: There is no –º in font nullfont!
Missing character: There is no –∏ in font nullfont!
Missing character: There is no –º in font nullfont!
Missing character: There is no –µ in font nullfont!
Missing character: There is no —Å in font nullfont!
Missing character: There is no —è in font nullfont!
Missing character: There is no —Ü in font nullfont!
Missing character: There is no –∞ in font nullfont!
Missing character: There is no –º in font nullfont!
Missing character: There is no . in font nullfont!
Missing character: There is no –û in font nullfont!
Missing character: There is no —Ç in font nullfont!
Missing character: There is no —Å in font nullfont!
Missing character: There is no –ª in font nullfont!
Missing character: There is no –µ in font nullfont!
Missing character: There is no –∂ in font nullfont!
Missing character: There is no –∏ in font nullfont!
Missing character: There is no –≤ in font nullfont!
Missing character: There is no –∞ in font nullfont!
Missing character: There is no —è in font nullfont!
Missing character: There is no –¥ in font nullfont!
Missing character: There is no –∏ in font nullfont!
Missing character: There is no –Ω in font nullfont!
Missing character: There is no –∞ in font nullfont!
Missing character: There is no –º in font nullfont!
Missing character: There is no –∏ in font nullfont!
Missing character: There is no –∫ in font nullfont!
Missing character: There is no —É in font nullfont!
Missing character: There is no –ø in font nullfont!
Missing character: There is no –æ in font nullfont!
Missing character: There is no –¥ in font nullfont!
Missing character: There is no –Ω in font nullfont!
Missing character: There is no —è in font nullfont!
Missing character: There is no –º in font nullfont!
Missing character: There is no , in font nullfont!
Missing character: There is no –ø in font nullfont!
Missing character: There is no –ª in font nullfont!
Missing character: There is no –∞ in font nullfont!
Missing character: There is no —Ç in font nullfont!
Missing character: There is no —Ñ in font nullfont!
Missing character: There is no –æ in font nullfont!
Missing character: There is no —Ä in font nullfont!
Missing character: There is no –º in font nullfont!
Missing character: There is no –∞ in font nullfont!
Missing character: There is no –æ in font nullfont!
Missing character: There is no –ø in font nullfont!
Missing character: There is no —Ä in font nullfont!
Missing character: There is no –µ in font nullfont!
Missing character: There is no –¥ in font nullfont!
Missing character: There is no –µ in font nullfont!
Missing character: There is no –ª in font nullfont!
Missing character: There is no —è in font nullfont!
Missing character: There is no –µ in font nullfont!
Missing character: There is no —Ç in font nullfont!
Missing character: There is no –Ω in font nullfont!
Missing character: There is no –∞ in font nullfont!
Missing character: There is no –∏ in font nullfont!
Missing character: There is no –± in font nullfont!
Missing character: There is no –æ in font nullfont!
Missing character: There is no –ª in font nullfont!
Missing character: There is no –µ in font nullfont!
Missing character: There is no –µ in font nullfont!
Missing character: There is no –∑ in font nullfont!
Missing character: There is no –∞ in font nullfont!
Missing character: There is no –º in font nullfont!
Missing character: There is no –µ in font nullfont!
Missing character: There is no —Ç in font nullfont!
Missing character: There is no –Ω in font nullfont!
Missing character: There is no —ã in font nullfont!
Missing character: There is no –µ in font nullfont!
Missing character: There is no –∏ in font nullfont!
Missing character: There is no –Ω in font nullfont!
Missing character: There is no —Ñ in font nullfont!
Missing character: There is no –æ in font nullfont!
Missing character: There is no —Ä in font nullfont!
Missing character: There is no –º in font nullfont!
Missing character: There is no –∞ in font nullfont!
Missing character: There is no —Ü in font nullfont!
Missing character: There is no –∏ in font nullfont!
Missing character: There is no –æ in font nullfont!
Missing character: There is no –Ω in font nullfont!
Missing character: There is no –Ω in font nullfont!
Missing character: There is no —ã in font nullfont!
Missing character: There is no –µ in font nullfont!
Missing character: There is no –ø in font nullfont!
Missing character: There is no –æ in font nullfont!
Missing character: There is no –≤ in font nullfont!
Missing character: There is no –æ in font nullfont!
Missing character: There is no –¥ in font nullfont!
Missing character: There is no —ã in font nullfont!
Missing character: There is no , in font nullfont!
Missing character: There is no –≤ in font nullfont!
Missing character: There is no —ã in font nullfont!
Missing character: There is no –∑ in font nullfont!
Missing character: There is no —ã in font nullfont!
Missing character: There is no –≤ in font nullfont!
Missing character: There is no –∞ in font nullfont!
Missing character: There is no —é in font nullfont!
Missing character: There is no —â in font nullfont!
Missing character: There is no –∏ in font nullfont!
Missing character: There is no –µ in font nullfont!
Missing character: There is no –± in font nullfont!
Missing character: There is no –æ in font nullfont!
Missing character: There is no –ª in font nullfont!
Missing character: There is no –µ in font nullfont!
Missing character: There is no –µ in font nullfont!
Missing character: There is no —Å in font nullfont!
Missing character: There is no –∏ in font nullfont!
Missing character: There is no –ª in font nullfont!
Missing character: There is no —å in font nullfont!
Missing character: There is no –Ω in font nullfont!
Missing character: There is no —ã in font nullfont!
Missing character: There is no –π in font nullfont!
Missing character: There is no –≤ in font nullfont!
Missing character: There is no —Å in font nullfont!
Missing character: There is no –ø in font nullfont!
Missing character: There is no –ª in font nullfont!
Missing character: There is no –µ in font nullfont!
Missing character: There is no —Å in font nullfont!
Missing character: There is no –∫ in font nullfont!
Missing character: There is no —É in font nullfont!
Missing character: There is no –ø in font nullfont!
Missing character: There is no –æ in font nullfont!
Missing character: There is no –º in font nullfont!
Missing character: There is no –∏ in font nullfont!
Missing character: There is no –Ω in font nullfont!
Missing character: There is no –∞ in font nullfont!
Missing character: There is no –Ω in font nullfont!
Missing character: There is no –∏ in font nullfont!
Missing character: There is no –π in font nullfont!
Missing character: There is no . in font nullfont!
Missing character: There is no –¢ in font nullfont!
Missing character: There is no –∞ in font nullfont!
Missing character: There is no –∫ in font nullfont!
Missing character: There is no –∂ in font nullfont!
Missing character: There is no –µ in font nullfont!
Missing character: There is no —É in font nullfont!
Missing character: There is no —á in font nullfont!
Missing character: There is no –∏ in font nullfont!
Missing character: There is no —Ç in font nullfont!
Missing character: There is no —ã in font nullfont!
Missing character: There is no –≤ in font nullfont!
Missing character: There is no –∞ in font nullfont!
Missing character: There is no –µ in font nullfont!
Missing character: There is no —Ç in font nullfont!
Missing character: There is no —Å in font nullfont!
Missing character: There is no —è in font nullfont!
Missing character: There is no —Ü in font nullfont!
Missing character: There is no –∏ in font nullfont!
Missing character: There is no —Ç in font nullfont!
Missing character: There is no –∏ in font nullfont!
Missing character: There is no —Ä in font nullfont!
Missing character: There is no —É in font nullfont!
Missing character: There is no –µ in font nullfont!
Missing character: There is no –º in font nullfont!
Missing character: There is no –æ in font nullfont!
Missing character: There is no —Å in font nullfont!
Missing character: There is no —Ç in font nullfont!
Missing character: There is no —å in font nullfont!
Missing character: There is no , in font nullfont!
Missing character: There is no —Å in font nullfont!
Missing character: There is no –æ in font nullfont!
Missing character: There is no –≤ in font nullfont!
Missing character: There is no –º in font nullfont!
Missing character: There is no –µ in font nullfont!
Missing character: There is no —Å in font nullfont!
Missing character: There is no —Ç in font nullfont!
Missing character: There is no –Ω in font nullfont!
Missing character: There is no —ã in font nullfont!
Missing character: There is no –µ in font nullfont!
Missing character: There is no —É in font nullfont!
Missing character: There is no –ø in font nullfont!
Missing character: There is no –æ in font nullfont!
Missing character: There is no –º in font nullfont!
Missing character: There is no –∏ in font nullfont!
Missing character: There is no –Ω in font nullfont!
Missing character: There is no –∞ in font nullfont!
Missing character: There is no –Ω in font nullfont!
Missing character: There is no –∏ in font nullfont!
Missing character: There is no —è in font nullfont!
Missing character: There is no –∏ in font nullfont!
Missing character: There is no —Ä in font nullfont!
Missing character: There is no –∞ in font nullfont!
Missing character: There is no —Å in font nullfont!
Missing character: There is no –ø in font nullfont!
Missing character: There is no —Ä in font nullfont!
Missing character: There is no –µ in font nullfont!
Missing character: There is no –¥ in font nullfont!
Missing character: There is no –µ in font nullfont!
Missing character: There is no –ª in font nullfont!
Missing character: There is no –µ in font nullfont!
Missing character: There is no –Ω in font nullfont!
Missing character: There is no –∏ in font nullfont!
Missing character: There is no –µ in font nullfont!
Missing character: There is no –ø in font nullfont!
Missing character: There is no –æ in font nullfont!
Missing character: There is no —Ç in font nullfont!
Missing character: There is no –µ in font nullfont!
Missing character: There is no –º in font nullfont!
Missing character: There is no –∞ in font nullfont!
Missing character: There is no —Ç in font nullfont!
Missing character: There is no –∏ in font nullfont!
Missing character: There is no —á in font nullfont!
Missing character: There is no –µ in font nullfont!
Missing character: There is no —Å in font nullfont!
Missing character: There is no –∫ in font nullfont!
Missing character: There is no –∏ in font nullfont!
Missing character: There is no –º in font nullfont!
Missing character: There is no —Ä in font nullfont!
Missing character: There is no —É in font nullfont!
Missing character: There is no –± in font nullfont!
Missing character: There is no —Ä in font nullfont!
Missing character: There is no –∏ in font nullfont!
Missing character: There is no –∫ in font nullfont!
Missing character: There is no –∞ in font nullfont!
Missing character: There is no –º in font nullfont!
Missing character: There is no . in font nullfont!

Overfull \hbox (3.19443pt too wide) in paragraph at lines 13--14
\OT1/cmr/bx/n/10 .
 []

Missing character: There is no –ö in font cmbx10!
Missing character: There is no –∞ in font cmbx10!
Missing character: There is no —á in font cmbx10!
Missing character: There is no –µ in font cmbx10!
Missing character: There is no —Å in font cmbx10!
Missing character: There is no —Ç in font cmbx10!
Missing character: There is no –≤ in font cmbx10!
Missing character: There is no –æ in font cmbx10!
Missing character: There is no —É in font cmbx10!
Missing character: There is no –ø in font cmbx10!
Missing character: There is no –æ in font cmbx10!
Missing character: There is no –º in font cmbx10!
Missing character: There is no –∏ in font cmbx10!
Missing character: There is no –Ω in font cmbx10!
Missing character: There is no –∞ in font cmbx10!
Missing character: There is no –Ω in font cmbx10!
Missing character: There is no –∏ in font cmbx10!
Missing character: There is no –π in font cmbx10!

Overfull \hbox (3.19443pt too wide) in paragraph at lines 15--16
\OT1/cmr/bx/n/10 . 
 []

! Undefined control sequence.
l.19 \subsection
                {}
The control sequence at the end of the top line
of your error message was never \def'ed. If you have
misspelled it (e.g., `\hobx'), type `I' and the correct
spelling (e.g., `I\hbox'). Otherwise just continue,
and I'll forget about whatever was undefined.

)
! Emergency stop.
<*> overview.tex
                
*** (job aborted, no legal \end found)

 
Here is how much of TeX's memory you used:
 12 strings out of 493589
 118 string characters out of 6148800
 53785 words of memory out of 5000000
 3522 multiletter control sequences out of 15000+600000
 3948 words of font info for 15 fonts, out of 8000000 for 9000
 1347 hyphenation exceptions out of 8191
 24i,5n,14p,347b,111s stack positions out of 5000i,500n,10000p,200000b,80000s
No pages of output.
